Analysis & Synthesis report for uart_rx_top
Fri Mar 23 09:08:17 2018
Quartus II 64-Bit Version 13.0.1 Build 232 06/12/2013 Service Pack 1 SJ Web Edition


---------------------
; Table of Contents ;
---------------------
  1. Legal Notice
  2. Analysis & Synthesis Summary
  3. Analysis & Synthesis Settings
  4. Parallel Compilation
  5. Analysis & Synthesis Source Files Read
  6. Analysis & Synthesis Resource Usage Summary
  7. Analysis & Synthesis Resource Utilization by Entity
  8. State Machine - |uart_rx_only_top|uart_rx_fsm:b2v_inst9|state
  9. General Register Statistics
 10. Inverted Register Statistics
 11. Multiplexer Restructuring Statistics (Restructuring Performed)
 12. Parameter Settings for User Entity Instance: baud_tick_generator:b2v_inst2
 13. Port Connectivity Checks: "hex2sevseg_w_control:b2v_inst6"
 14. Port Connectivity Checks: "hex2sevseg_w_control:b2v_inst4"
 15. Port Connectivity Checks: "sync_n_edgeDetector:b2v_inst"
 16. Elapsed Time Per Partition
 17. Analysis & Synthesis Messages



----------------
; Legal Notice ;
----------------
Copyright (C) 1991-2013 Altera Corporation
Your use of Altera Corporation's design tools, logic functions 
and other software and tools, and its AMPP partner logic 
functions, and any output files from any of the foregoing 
(including device programming or simulation files), and any 
associated documentation or information are expressly subject 
to the terms and conditions of the Altera Program License 
Subscription Agreement, Altera MegaCore Function License 
Agreement, or other applicable license agreement, including, 
without limitation, that your use is for the sole purpose of 
programming logic devices manufactured by Altera and sold by 
Altera or its authorized distributors.  Please refer to the 
applicable agreement for further details.



+--------------------------------------------------------------------------------------+
; Analysis & Synthesis Summary                                                         ;
+------------------------------------+-------------------------------------------------+
; Analysis & Synthesis Status        ; Successful - Fri Mar 23 09:08:17 2018           ;
; Quartus II 64-Bit Version          ; 13.0.1 Build 232 06/12/2013 SP 1 SJ Web Edition ;
; Revision Name                      ; uart_rx_top                                     ;
; Top-level Entity Name              ; uart_rx_only_top                                ;
; Family                             ; Cyclone II                                      ;
; Total logic elements               ; 76                                              ;
;     Total combinational functions  ; 74                                              ;
;     Dedicated logic registers      ; 41                                              ;
; Total registers                    ; 41                                              ;
; Total pins                         ; 18                                              ;
; Total virtual pins                 ; 0                                               ;
; Total memory bits                  ; 0                                               ;
; Embedded Multiplier 9-bit elements ; 0                                               ;
; Total PLLs                         ; 0                                               ;
+------------------------------------+-------------------------------------------------+


+----------------------------------------------------------------------------------------------------------------------+
; Analysis & Synthesis Settings                                                                                        ;
+----------------------------------------------------------------------------+--------------------+--------------------+
; Option                                                                     ; Setting            ; Default Value      ;
+----------------------------------------------------------------------------+--------------------+--------------------+
; Device                                                                     ; EP2C20F484C7       ;                    ;
; Top-level entity name                                                      ; uart_rx_only_top   ; uart_rx_top        ;
; Family name                                                                ; Cyclone II         ; Cyclone IV GX      ;
; Use smart compilation                                                      ; Off                ; Off                ;
; Enable parallel Assembler and TimeQuest Timing Analyzer during compilation ; On                 ; On                 ;
; Enable compact report table                                                ; Off                ; Off                ;
; Restructure Multiplexers                                                   ; Auto               ; Auto               ;
; Create Debugging Nodes for IP Cores                                        ; Off                ; Off                ;
; Preserve fewer node names                                                  ; On                 ; On                 ;
; Disable OpenCore Plus hardware evaluation                                  ; Off                ; Off                ;
; Verilog Version                                                            ; Verilog_2001       ; Verilog_2001       ;
; VHDL Version                                                               ; VHDL_1993          ; VHDL_1993          ;
; State Machine Processing                                                   ; Auto               ; Auto               ;
; Safe State Machine                                                         ; Off                ; Off                ;
; Extract Verilog State Machines                                             ; On                 ; On                 ;
; Extract VHDL State Machines                                                ; On                 ; On                 ;
; Ignore Verilog initial constructs                                          ; Off                ; Off                ;
; Iteration limit for constant Verilog loops                                 ; 5000               ; 5000               ;
; Iteration limit for non-constant Verilog loops                             ; 250                ; 250                ;
; Add Pass-Through Logic to Inferred RAMs                                    ; On                 ; On                 ;
; Infer RAMs from Raw Logic                                                  ; On                 ; On                 ;
; Parallel Synthesis                                                         ; On                 ; On                 ;
; DSP Block Balancing                                                        ; Auto               ; Auto               ;
; NOT Gate Push-Back                                                         ; On                 ; On                 ;
; Power-Up Don't Care                                                        ; On                 ; On                 ;
; Remove Redundant Logic Cells                                               ; Off                ; Off                ;
; Remove Duplicate Registers                                                 ; On                 ; On                 ;
; Ignore CARRY Buffers                                                       ; Off                ; Off                ;
; Ignore CASCADE Buffers                                                     ; Off                ; Off                ;
; Ignore GLOBAL Buffers                                                      ; Off                ; Off                ;
; Ignore ROW GLOBAL Buffers                                                  ; Off                ; Off                ;
; Ignore LCELL Buffers                                                       ; Off                ; Off                ;
; Ignore SOFT Buffers                                                        ; On                 ; On                 ;
; Limit AHDL Integers to 32 Bits                                             ; Off                ; Off                ;
; Optimization Technique                                                     ; Balanced           ; Balanced           ;
; Carry Chain Length                                                         ; 70                 ; 70                 ;
; Auto Carry Chains                                                          ; On                 ; On                 ;
; Auto Open-Drain Pins                                                       ; On                 ; On                 ;
; Perform WYSIWYG Primitive Resynthesis                                      ; Off                ; Off                ;
; Auto ROM Replacement                                                       ; On                 ; On                 ;
; Auto RAM Replacement                                                       ; On                 ; On                 ;
; Auto Shift Register Replacement                                            ; Auto               ; Auto               ;
; Allow Shift Register Merging across Hierarchies                            ; Auto               ; Auto               ;
; Auto Clock Enable Replacement                                              ; On                 ; On                 ;
; Strict RAM Replacement                                                     ; Off                ; Off                ;
; Allow Synchronous Control Signals                                          ; On                 ; On                 ;
; Force Use of Synchronous Clear Signals                                     ; Off                ; Off                ;
; Auto RAM to Logic Cell Conversion                                          ; Off                ; Off                ;
; Auto Resource Sharing                                                      ; Off                ; Off                ;
; Allow Any RAM Size For Recognition                                         ; Off                ; Off                ;
; Allow Any ROM Size For Recognition                                         ; Off                ; Off                ;
; Allow Any Shift Register Size For Recognition                              ; Off                ; Off                ;
; Use LogicLock Constraints during Resource Balancing                        ; On                 ; On                 ;
; Ignore translate_off and synthesis_off directives                          ; Off                ; Off                ;
; Timing-Driven Synthesis                                                    ; Off                ; Off                ;
; Report Parameter Settings                                                  ; On                 ; On                 ;
; Report Source Assignments                                                  ; On                 ; On                 ;
; Report Connectivity Checks                                                 ; On                 ; On                 ;
; Ignore Maximum Fan-Out Assignments                                         ; Off                ; Off                ;
; Synchronization Register Chain Length                                      ; 2                  ; 2                  ;
; PowerPlay Power Optimization                                               ; Normal compilation ; Normal compilation ;
; HDL message level                                                          ; Level2             ; Level2             ;
; Suppress Register Optimization Related Messages                            ; Off                ; Off                ;
; Number of Removed Registers Reported in Synthesis Report                   ; 5000               ; 5000               ;
; Number of Swept Nodes Reported in Synthesis Report                         ; 5000               ; 5000               ;
; Number of Inverted Registers Reported in Synthesis Report                  ; 100                ; 100                ;
; Clock MUX Protection                                                       ; On                 ; On                 ;
; Auto Gated Clock Conversion                                                ; Off                ; Off                ;
; Block Design Naming                                                        ; Auto               ; Auto               ;
; SDC constraint protection                                                  ; Off                ; Off                ;
; Synthesis Effort                                                           ; Auto               ; Auto               ;
; Shift Register Replacement - Allow Asynchronous Clear Signal               ; On                 ; On                 ;
; Pre-Mapping Resynthesis Optimization                                       ; Off                ; Off                ;
; Analysis & Synthesis Message Level                                         ; Medium             ; Medium             ;
; Disable Register Merging Across Hierarchies                                ; Auto               ; Auto               ;
; Resource Aware Inference For Block RAM                                     ; On                 ; On                 ;
; Synthesis Seed                                                             ; 1                  ; 1                  ;
+----------------------------------------------------------------------------+--------------------+--------------------+


Parallel compilation was disabled, but you have multiple processors available. Enable parallel compilation to reduce compilation time.
+-------------------------------------+
; Parallel Compilation                ;
+----------------------------+--------+
; Processors                 ; Number ;
+----------------------------+--------+
; Number detected on machine ; 4      ;
; Maximum allowed            ; 1      ;
+----------------------------+--------+


+------------------------------------------------------------------------------------------------------------------------------------------------------------------------------+
; Analysis & Synthesis Source Files Read                                                                                                                                       ;
+------------------------------------+-----------------+-----------------+-------------------------------------------------------------------------------------------+---------+
; File Name with User-Entered Path   ; Used in Netlist ; File Type       ; File Name with Absolute Path                                                              ; Library ;
+------------------------------------+-----------------+-----------------+-------------------------------------------------------------------------------------------+---------+
; ../source/uart_rx_only_top.vhd     ; yes             ; User VHDL File  ; C:/Users/ea999/Documents/118723/EA999_1s2018/LAB2/Project/source/uart_rx_only_top.vhd     ;         ;
; ../source/uart_rx_fsm.vhd          ; yes             ; User VHDL File  ; C:/Users/ea999/Documents/118723/EA999_1s2018/LAB2/Project/source/uart_rx_fsm.vhd          ;         ;
; ../source/sync_n_edgeDetector.vhd  ; yes             ; User VHDL File  ; C:/Users/ea999/Documents/118723/EA999_1s2018/LAB2/Project/source/sync_n_edgeDetector.vhd  ;         ;
; ../source/hex2sevseg_w_control.vhd ; yes             ; User VHDL File  ; C:/Users/ea999/Documents/118723/EA999_1s2018/LAB2/Project/source/hex2sevseg_w_control.vhd ;         ;
; ../source/buffer_registers.vhd     ; yes             ; User VHDL File  ; C:/Users/ea999/Documents/118723/EA999_1s2018/LAB2/Project/source/buffer_registers.vhd     ;         ;
; ../source/baud_tick_generator.vhd  ; yes             ; User VHDL File  ; C:/Users/ea999/Documents/118723/EA999_1s2018/LAB2/Project/source/baud_tick_generator.vhd  ;         ;
+------------------------------------+-----------------+-----------------+-------------------------------------------------------------------------------------------+---------+


+--------------------------------------------------------+
; Analysis & Synthesis Resource Usage Summary            ;
+---------------------------------------------+----------+
; Resource                                    ; Usage    ;
+---------------------------------------------+----------+
; Estimated Total logic elements              ; 76       ;
;                                             ;          ;
; Total combinational functions               ; 74       ;
; Logic element usage by number of LUT inputs ;          ;
;     -- 4 input functions                    ; 31       ;
;     -- 3 input functions                    ; 9        ;
;     -- <=2 input functions                  ; 34       ;
;                                             ;          ;
; Logic elements by mode                      ;          ;
;     -- normal mode                          ; 64       ;
;     -- arithmetic mode                      ; 10       ;
;                                             ;          ;
; Total registers                             ; 41       ;
;     -- Dedicated logic registers            ; 41       ;
;     -- I/O registers                        ; 0        ;
;                                             ;          ;
; I/O pins                                    ; 18       ;
; Embedded Multiplier 9-bit elements          ; 0        ;
; Maximum fan-out node                        ; CLOCK_50 ;
; Maximum fan-out                             ; 41       ;
; Total fan-out                               ; 392      ;
; Average fan-out                             ; 2.95     ;
+---------------------------------------------+----------+


+-------------------------------------------------------------------------------------------------------------------------------------------------------------------------------------------------------------------+
; Analysis & Synthesis Resource Utilization by Entity                                                                                                                                                               ;
+-------------------------------------+-------------------+--------------+-------------+--------------+---------+-----------+------+--------------+--------------------------------------------------+--------------+
; Compilation Hierarchy Node          ; LC Combinationals ; LC Registers ; Memory Bits ; DSP Elements ; DSP 9x9 ; DSP 18x18 ; Pins ; Virtual Pins ; Full Hierarchy Name                              ; Library Name ;
+-------------------------------------+-------------------+--------------+-------------+--------------+---------+-----------+------+--------------+--------------------------------------------------+--------------+
; |uart_rx_only_top                   ; 74 (0)            ; 41 (0)       ; 0           ; 0            ; 0       ; 0         ; 18   ; 0            ; |uart_rx_only_top                                ; work         ;
;    |baud_tick_generator:b2v_inst2|  ; 19 (19)           ; 12 (12)      ; 0           ; 0            ; 0       ; 0         ; 0    ; 0            ; |uart_rx_only_top|baud_tick_generator:b2v_inst2  ; work         ;
;    |buffer_registers:b2v_inst3|     ; 18 (18)           ; 17 (17)      ; 0           ; 0            ; 0       ; 0         ; 0    ; 0            ; |uart_rx_only_top|buffer_registers:b2v_inst3     ; work         ;
;    |hex2sevseg_w_control:b2v_inst4| ; 7 (7)             ; 0 (0)        ; 0           ; 0            ; 0       ; 0         ; 0    ; 0            ; |uart_rx_only_top|hex2sevseg_w_control:b2v_inst4 ; work         ;
;    |hex2sevseg_w_control:b2v_inst6| ; 7 (7)             ; 0 (0)        ; 0           ; 0            ; 0       ; 0         ; 0    ; 0            ; |uart_rx_only_top|hex2sevseg_w_control:b2v_inst6 ; work         ;
;    |sync_n_edgeDetector:b2v_inst|   ; 1 (1)             ; 3 (3)        ; 0           ; 0            ; 0       ; 0         ; 0    ; 0            ; |uart_rx_only_top|sync_n_edgeDetector:b2v_inst   ; work         ;
;    |uart_rx_fsm:b2v_inst9|          ; 22 (22)           ; 9 (9)        ; 0           ; 0            ; 0       ; 0         ; 0    ; 0            ; |uart_rx_only_top|uart_rx_fsm:b2v_inst9          ; work         ;
+-------------------------------------+-------------------+--------------+-------------+--------------+---------+-----------+------+--------------+--------------------------------------------------+--------------+
Note: For table entries with two numbers listed, the numbers in parentheses indicate the number of resources of the given type used by the specific entity alone. The numbers listed outside of parentheses indicate the total resources of the given type used by the specific entity and all of its sub-entities in the hierarchy.


Encoding Type:  One-Hot
+-------------------------------------------------------------------------------------------------------+
; State Machine - |uart_rx_only_top|uart_rx_fsm:b2v_inst9|state                                         ;
+------------------+------------------+----------------+-----------------+-----------------+------------+
; Name             ; state.check_save ; state.stop_bit ; state.data_bits ; state.start_bit ; state.idle ;
+------------------+------------------+----------------+-----------------+-----------------+------------+
; state.idle       ; 0                ; 0              ; 0               ; 0               ; 0          ;
; state.start_bit  ; 0                ; 0              ; 0               ; 1               ; 1          ;
; state.data_bits  ; 0                ; 0              ; 1               ; 0               ; 1          ;
; state.stop_bit   ; 0                ; 1              ; 0               ; 0               ; 1          ;
; state.check_save ; 1                ; 0              ; 0               ; 0               ; 1          ;
+------------------+------------------+----------------+-----------------+-----------------+------------+


+------------------------------------------------------+
; General Register Statistics                          ;
+----------------------------------------------+-------+
; Statistic                                    ; Value ;
+----------------------------------------------+-------+
; Total registers                              ; 41    ;
; Number of registers using Synchronous Clear  ; 11    ;
; Number of registers using Synchronous Load   ; 3     ;
; Number of registers using Asynchronous Clear ; 41    ;
; Number of registers using Asynchronous Load  ; 0     ;
; Number of registers using Clock Enable       ; 28    ;
; Number of registers using Preset             ; 0     ;
+----------------------------------------------+-------+


+----------------------------------------------------+
; Inverted Register Statistics                       ;
+------------------------------------------+---------+
; Inverted Register                        ; Fan out ;
+------------------------------------------+---------+
; buffer_registers:b2v_inst3|reg[1]        ; 1       ;
; buffer_registers:b2v_inst3|reg[2]        ; 2       ;
; buffer_registers:b2v_inst3|reg[3]        ; 2       ;
; buffer_registers:b2v_inst3|reg[4]        ; 2       ;
; buffer_registers:b2v_inst3|reg[5]        ; 2       ;
; buffer_registers:b2v_inst3|reg[6]        ; 2       ;
; buffer_registers:b2v_inst3|reg[7]        ; 2       ;
; buffer_registers:b2v_inst3|reg[8]        ; 2       ;
; sync_n_edgeDetector:b2v_inst|shiftreg[1] ; 9       ;
; buffer_registers:b2v_inst3|reg[9]        ; 1       ;
; sync_n_edgeDetector:b2v_inst|shiftreg[0] ; 3       ;
; sync_n_edgeDetector:b2v_inst|shiftreg[2] ; 1       ;
; Total number of inverted registers = 12  ;         ;
+------------------------------------------+---------+


+--------------------------------------------------------------------------------------------------------------------------------------------------------------------------------+
; Multiplexer Restructuring Statistics (Restructuring Performed)                                                                                                                 ;
+--------------------+-----------+---------------+----------------------+------------------------+------------+------------------------------------------------------------------+
; Multiplexer Inputs ; Bus Width ; Baseline Area ; Area if Restructured ; Saving if Restructured ; Registered ; Example Multiplexer Output                                       ;
+--------------------+-----------+---------------+----------------------+------------------------+------------+------------------------------------------------------------------+
; 4:1                ; 11 bits   ; 22 LEs        ; 11 LEs               ; 11 LEs                 ; Yes        ; |uart_rx_only_top|baud_tick_generator:b2v_inst2|clks_por_bit[10] ;
; 8:1                ; 4 bits    ; 20 LEs        ; 8 LEs                ; 12 LEs                 ; Yes        ; |uart_rx_only_top|uart_rx_fsm:b2v_inst9|count[3]                 ;
; 3:1                ; 9 bits    ; 18 LEs        ; 9 LEs                ; 9 LEs                  ; Yes        ; |uart_rx_only_top|buffer_registers:b2v_inst3|reg[4]              ;
; 8:1                ; 2 bits    ; 10 LEs        ; 6 LEs                ; 4 LEs                  ; No         ; |uart_rx_only_top|uart_rx_fsm:b2v_inst9|Selector1                ;
+--------------------+-----------+---------------+----------------------+------------------------+------------+------------------------------------------------------------------+


+----------------------------------------------------------------------------+
; Parameter Settings for User Entity Instance: baud_tick_generator:b2v_inst2 ;
+----------------+-------+---------------------------------------------------+
; Parameter Name ; Value ; Type                                              ;
+----------------+-------+---------------------------------------------------+
; clocks_por_bit ; 1600  ; Signed Integer                                    ;
+----------------+-------+---------------------------------------------------+
Note: In order to hide this table in the UI and the text report file, please set the "Show Parameter Settings in Synthesis Report" option in "Analysis and Synthesis Settings -> More Settings" to "Off".


+----------------------------------------------------------------------------------------------------------------------------+
; Port Connectivity Checks: "hex2sevseg_w_control:b2v_inst6"                                                                 ;
+------------------+--------+----------+-------------------------------------------------------------------------------------+
; Port             ; Type   ; Severity ; Details                                                                             ;
+------------------+--------+----------+-------------------------------------------------------------------------------------+
; blank_n_i        ; Input  ; Info     ; Stuck at VCC                                                                        ;
; lamp_test_n_i    ; Input  ; Info     ; Stuck at VCC                                                                        ;
; ripple_blank_n_i ; Input  ; Info     ; Stuck at VCC                                                                        ;
; ripple_blank_n_o ; Output ; Info     ; Connected to dangling logic. Logic that only feeds a dangling port will be removed. ;
+------------------+--------+----------+-------------------------------------------------------------------------------------+


+----------------------------------------------------------------------------------------------------------------------------+
; Port Connectivity Checks: "hex2sevseg_w_control:b2v_inst4"                                                                 ;
+------------------+--------+----------+-------------------------------------------------------------------------------------+
; Port             ; Type   ; Severity ; Details                                                                             ;
+------------------+--------+----------+-------------------------------------------------------------------------------------+
; blank_n_i        ; Input  ; Info     ; Stuck at VCC                                                                        ;
; lamp_test_n_i    ; Input  ; Info     ; Stuck at VCC                                                                        ;
; ripple_blank_n_i ; Input  ; Info     ; Stuck at GND                                                                        ;
; ripple_blank_n_o ; Output ; Info     ; Connected to dangling logic. Logic that only feeds a dangling port will be removed. ;
+------------------+--------+----------+-------------------------------------------------------------------------------------+


+----------------------------------------------------------------------------------------------------------------+
; Port Connectivity Checks: "sync_n_edgeDetector:b2v_inst"                                                       ;
+------+--------+----------+-------------------------------------------------------------------------------------+
; Port ; Type   ; Severity ; Details                                                                             ;
+------+--------+----------+-------------------------------------------------------------------------------------+
; rise ; Output ; Info     ; Connected to dangling logic. Logic that only feeds a dangling port will be removed. ;
+------+--------+----------+-------------------------------------------------------------------------------------+


+-------------------------------+
; Elapsed Time Per Partition    ;
+----------------+--------------+
; Partition Name ; Elapsed Time ;
+----------------+--------------+
; Top            ; 00:00:00     ;
+----------------+--------------+


+-------------------------------+
; Analysis & Synthesis Messages ;
+-------------------------------+
Info: *******************************************************************
Info: Running Quartus II 64-Bit Analysis & Synthesis
    Info: Version 13.0.1 Build 232 06/12/2013 Service Pack 1 SJ Web Edition
    Info: Processing started: Fri Mar 23 09:08:14 2018
Info: Command: quartus_map --read_settings_files=on --write_settings_files=off Uart_RX -c uart_rx_top
Warning (20028): Parallel compilation is not licensed and has been disabled
Info (12021): Found 2 design units, including 1 entities, in source file /users/ea999/documents/118723/ea999_1s2018/lab2/project/source/uart_rx_only_top.vhd
    Info (12022): Found design unit 1: uart_rx_only_top-bdf_type
    Info (12023): Found entity 1: uart_rx_only_top
Info (12021): Found 2 design units, including 1 entities, in source file /users/ea999/documents/118723/ea999_1s2018/lab2/project/source/uart_rx_fsm.vhd
    Info (12022): Found design unit 1: uart_rx_fsm-rtl
    Info (12023): Found entity 1: uart_rx_fsm
Info (12021): Found 2 design units, including 1 entities, in source file /users/ea999/documents/118723/ea999_1s2018/lab2/project/source/sync_n_edgedetector.vhd
    Info (12022): Found design unit 1: sync_n_edgeDetector-rtl
    Info (12023): Found entity 1: sync_n_edgeDetector
Info (12021): Found 2 design units, including 1 entities, in source file /users/ea999/documents/118723/ea999_1s2018/lab2/project/source/hex2sevseg_w_control.vhd
    Info (12022): Found design unit 1: hex2sevseg_w_control-rtl
    Info (12023): Found entity 1: hex2sevseg_w_control
Info (12021): Found 2 design units, including 1 entities, in source file /users/ea999/documents/118723/ea999_1s2018/lab2/project/source/buffer_registers.vhd
    Info (12022): Found design unit 1: buffer_registers-rtl
    Info (12023): Found entity 1: buffer_registers
Info (12021): Found 2 design units, including 1 entities, in source file /users/ea999/documents/118723/ea999_1s2018/lab2/project/source/baud_tick_generator.vhd
    Info (12022): Found design unit 1: baud_tick_generator-rtl
    Info (12023): Found entity 1: baud_tick_generator
Info (12127): Elaborating entity "uart_rx_only_top" for the top level hierarchy
Info (12128): Elaborating entity "sync_n_edgeDetector" for hierarchy "sync_n_edgeDetector:b2v_inst"
Info (12128): Elaborating entity "baud_tick_generator" for hierarchy "baud_tick_generator:b2v_inst2"
Info (12128): Elaborating entity "buffer_registers" for hierarchy "buffer_registers:b2v_inst3"
Info (12128): Elaborating entity "hex2sevseg_w_control" for hierarchy "hex2sevseg_w_control:b2v_inst4"
Info (12128): Elaborating entity "uart_rx_fsm" for hierarchy "uart_rx_fsm:b2v_inst9"
Info (13000): Registers with preset signals will power-up high
Info (13003): DEV_CLRn pin will set, and not reset, register with preset signal due to NOT Gate Push-Back
Info (16010): Generating hard_block partition "hard_block:auto_generated_inst"
    Info (16011): Adding 0 node(s), including 0 DDIO, 0 PLL, 0 transceiver and 0 LCELL
Info (21057): Implemented 94 device resources after synthesis - the final resource count might be different
    Info (21058): Implemented 3 input pins
    Info (21059): Implemented 15 output pins
    Info (21061): Implemented 76 logic cells
Info: Quartus II 64-Bit Analysis & Synthesis was successful. 0 errors, 1 warning
    Info: Peak virtual memory: 567 megabytes
    Info: Processing ended: Fri Mar 23 09:08:17 2018
    Info: Elapsed time: 00:00:03
    Info: Total CPU time (on all processors): 00:00:02


