Flow report for uart_rx_top
Fri Mar 23 09:08:28 2018
Quartus II 64-Bit Version 13.0.1 Build 232 06/12/2013 Service Pack 1 SJ Web Edition


---------------------
; Table of Contents ;
---------------------
  1. Legal Notice
  2. Flow Summary
  3. Flow Settings
  4. Flow Non-Default Global Settings
  5. Flow Elapsed Time
  6. Flow OS Summary
  7. Flow Log
  8. Flow Messages
  9. Flow Suppressed Messages



----------------
; Legal Notice ;
----------------
Copyright (C) 1991-2013 Altera Corporation
Your use of Altera Corporation's design tools, logic functions 
and other software and tools, and its AMPP partner logic 
functions, and any output files from any of the foregoing 
(including device programming or simulation files), and any 
associated documentation or information are expressly subject 
to the terms and conditions of the Altera Program License 
Subscription Agreement, Altera MegaCore Function License 
Agreement, or other applicable license agreement, including, 
without limitation, that your use is for the sole purpose of 
programming logic devices manufactured by Altera and sold by 
Altera or its authorized distributors.  Please refer to the 
applicable agreement for further details.



+--------------------------------------------------------------------------------------+
; Flow Summary                                                                         ;
+------------------------------------+-------------------------------------------------+
; Flow Status                        ; Successful - Fri Mar 23 09:08:26 2018           ;
; Quartus II 64-Bit Version          ; 13.0.1 Build 232 06/12/2013 SP 1 SJ Web Edition ;
; Revision Name                      ; uart_rx_top                                     ;
; Top-level Entity Name              ; uart_rx_only_top                                ;
; Family                             ; Cyclone II                                      ;
; Device                             ; EP2C20F484C7                                    ;
; Timing Models                      ; Final                                           ;
; Total logic elements               ; 76 / 18,752 ( < 1 % )                           ;
;     Total combinational functions  ; 74 / 18,752 ( < 1 % )                           ;
;     Dedicated logic registers      ; 41 / 18,752 ( < 1 % )                           ;
; Total registers                    ; 41                                              ;
; Total pins                         ; 18 / 315 ( 6 % )                                ;
; Total virtual pins                 ; 0                                               ;
; Total memory bits                  ; 0 / 239,616 ( 0 % )                             ;
; Embedded Multiplier 9-bit elements ; 0 / 52 ( 0 % )                                  ;
; Total PLLs                         ; 0 / 4 ( 0 % )                                   ;
+------------------------------------+-------------------------------------------------+


+-----------------------------------------+
; Flow Settings                           ;
+-------------------+---------------------+
; Option            ; Setting             ;
+-------------------+---------------------+
; Start date & time ; 03/23/2018 09:08:15 ;
; Main task         ; Compilation         ;
; Revision Name     ; uart_rx_top         ;
+-------------------+---------------------+


+-----------------------------------------------------------------------------------------------------------------------+
; Flow Non-Default Global Settings                                                                                      ;
+-------------------------------------+---------------------------------+---------------+------------------+------------+
; Assignment Name                     ; Value                           ; Default Value ; Entity Name      ; Section Id ;
+-------------------------------------+---------------------------------+---------------+------------------+------------+
; COMPILER_SIGNATURE_ID               ; 123509604440275.152180689503712 ; --            ; --               ; --         ;
; MAX_CORE_JUNCTION_TEMP              ; 85                              ; --            ; --               ; --         ;
; MIN_CORE_JUNCTION_TEMP              ; 0                               ; --            ; --               ; --         ;
; PARTITION_COLOR                     ; 16764057                        ; --            ; uart_rx_only_top ; Top        ;
; PARTITION_FITTER_PRESERVATION_LEVEL ; PLACEMENT_AND_ROUTING           ; --            ; uart_rx_only_top ; Top        ;
; PARTITION_NETLIST_TYPE              ; SOURCE                          ; --            ; uart_rx_only_top ; Top        ;
; PROJECT_OUTPUT_DIRECTORY            ; output_files                    ; --            ; --               ; --         ;
; TOP_LEVEL_ENTITY                    ; uart_rx_only_top                ; uart_rx_top   ; --               ; --         ;
+-------------------------------------+---------------------------------+---------------+------------------+------------+


+-------------------------------------------------------------------------------------------------------------------------------+
; Flow Elapsed Time                                                                                                             ;
+---------------------------+--------------+-------------------------+---------------------+------------------------------------+
; Module Name               ; Elapsed Time ; Average Processors Used ; Peak Virtual Memory ; Total CPU Time (on all processors) ;
+---------------------------+--------------+-------------------------+---------------------+------------------------------------+
; Analysis & Synthesis      ; 00:00:03     ; 1.0                     ; 567 MB              ; 00:00:02                           ;
; Fitter                    ; 00:00:05     ; 1.0                     ; 767 MB              ; 00:00:04                           ;
; Assembler                 ; 00:00:02     ; 1.0                     ; 484 MB              ; 00:00:01                           ;
; TimeQuest Timing Analyzer ; 00:00:01     ; 1.0                     ; 461 MB              ; 00:00:01                           ;
; Total                     ; 00:00:11     ; --                      ; --                  ; 00:00:08                           ;
+---------------------------+--------------+-------------------------+---------------------+------------------------------------+


+----------------------------------------------------------------------------------------+
; Flow OS Summary                                                                        ;
+---------------------------+------------------+-----------+------------+----------------+
; Module Name               ; Machine Hostname ; OS Name   ; OS Version ; Processor type ;
+---------------------------+------------------+-----------+------------+----------------+
; Analysis & Synthesis      ; le11-3           ; Windows 7 ; 6.2        ; x86_64         ;
; Fitter                    ; le11-3           ; Windows 7 ; 6.2        ; x86_64         ;
; Assembler                 ; le11-3           ; Windows 7 ; 6.2        ; x86_64         ;
; TimeQuest Timing Analyzer ; le11-3           ; Windows 7 ; 6.2        ; x86_64         ;
+---------------------------+------------------+-----------+------------+----------------+


------------
; Flow Log ;
------------
quartus_map --read_settings_files=on --write_settings_files=off Uart_RX -c uart_rx_top
quartus_fit --read_settings_files=off --write_settings_files=off Uart_RX -c uart_rx_top
quartus_asm --read_settings_files=off --write_settings_files=off Uart_RX -c uart_rx_top
quartus_sta Uart_RX -c uart_rx_top



